<?xml version="1.0" encoding="UTF-8"?>
<testng-results ignored="0" total="1" passed="1" failed="0" skipped="0">
  <reporter-output>
  </reporter-output>
  <suite started-at="2025-12-04T09:12:41 IST" name="Default suite" finished-at="2025-12-04T09:12:45 IST" duration-ms="4581">
    <groups>
    </groups>
    <test started-at="2025-12-04T09:12:41 IST" name="Default test" finished-at="2025-12-04T09:12:45 IST" duration-ms="4581">
      <class name="tests.CheckoutFlowTest">
        <test-method is-config="true" signature="setUp()[pri:0, instance:tests.CheckoutFlowTest@795cd85e]" started-at="2025-12-04T09:12:41 IST" name="setUp" finished-at="2025-12-04T09:12:44 IST" duration-ms="3077" status="PASS">
          <reporter-output>
          </reporter-output>
        </test-method> <!-- setUp -->
        <test-method signature="completeCheckout()[pri:0, instance:tests.CheckoutFlowTest@795cd85e]" started-at="2025-12-04T09:12:44 IST" name="completeCheckout" finished-at="2025-12-04T09:12:45 IST" duration-ms="1155" status="PASS">
          <reporter-output>
          </reporter-output>
        </test-method> <!-- completeCheckout -->
        <test-method is-config="true" signature="tearDown()[pri:0, instance:tests.CheckoutFlowTest@795cd85e]" started-at="2025-12-04T09:12:45 IST" name="tearDown" finished-at="2025-12-04T09:12:45 IST" duration-ms="313" status="PASS">
          <reporter-output>
          </reporter-output>
        </test-method> <!-- tearDown -->
      </class> <!-- tests.CheckoutFlowTest -->
    </test> <!-- Default test -->
  </suite> <!-- Default suite -->
</testng-results>
